Arguments: 
  /opt/homebrew/Cellar/node/17.8.0/bin/node /opt/homebrew/Cellar/yarn/1.22.18/libexec/bin/yarn.js add create-react-app

PATH: 
  /Users/matthew.cooke/.rbenv/shims:/Users/matthew.cooke/.rbenv/bin:/Users/matthew.cooke/.rbenv/shims:/Users/matthew.cooke/.rbenv/bin:/opt/homebrew/bin:/opt/homebrew/sbin:/usr/local/bin:/usr/bin:/bin:/usr/sbin:/sbin:/Applications/Visual Studio Code.app/Contents/Resources/app/bin

Yarn version: 
  1.22.18

Node version: 
  17.8.0

Platform: 
  darwin arm64

Trace: 
  Error: unable to get local issuer certificate
      at TLSSocket.onConnectSecure (node:_tls_wrap:1532:34)
      at TLSSocket.emit (node:events:527:28)
      at TLSSocket._finishInit (node:_tls_wrap:946:8)
      at TLSWrap.ssl.onhandshakedone (node:_tls_wrap:727:12)

npm manifest: 
  {
    "name": "app",
    "private": "true",
    "scripts": {
      "build": "esbuild app/javascript/*.* --bundle --sourcemap --outdir=app/assets/builds",
      "build:css": "sass ./app/assets/stylesheets/application.bootstrap.scss ./app/assets/builds/application.css --no-source-map --load-path=node_modules"
    },
    "dependencies": {  
      "@hotwired/stimulus": "^3.0.1",  
      "@hotwired/turbo-rails": "^7.1.0",  
      "@popperjs/core": "^2.11.0",  
      "bootstrap": "^5.1.3",  
      "esbuild": "^0.14.5",  
      "sass": "^1.45.0"  
    }  
  }

yarn manifest: 
  No manifest

Lockfile: 
  No lockfile
